<?xml version="1.0" encoding="UTF-8"?>
<!-- Generated by org.testng.reporters.JUnitXMLReporter -->
<testsuite hostname="DESKTOP-UOO84MI" ignored="0" name="Test" tests="3" failures="0" timestamp="2021-03-14T12:24:43 IST" time="37.735" errors="0">
  <testcase name="CaptureAlert" time="11.801" classname="com.selenium.practoautomation.PractoAutomation.CorpWell"/>
  <testcase name="TopCities" time="6.678" classname="com.selenium.practoautomation.PractoAutomation.TopCities"/>
  <testcase name="searchForHospital" time="18.949" classname="com.selenium.practoautomation.PractoAutomation.FindHospital"/>
</testsuite> <!-- Test -->
