<?xml version="1.0" encoding="UTF-8"?>
<testng-results skipped="0" failed="0" ignored="0" total="3" passed="3">
  <reporter-output>
  </reporter-output>
  <suite name="Suite" duration-ms="37735" started-at="2021-03-14T12:24:06 IST" finished-at="2021-03-14T12:24:43 IST">
    <groups>
    </groups>
    <test name="Test" duration-ms="37735" started-at="2021-03-14T12:24:06 IST" finished-at="2021-03-14T12:24:43 IST">
      <class name="com.selenium.practoautomation.PractoAutomation.CorpWell">
        <test-method status="PASS" signature="CaptureAlert(java.lang.String)[pri:0, instance:com.selenium.practoautomation.PractoAutomation.CorpWell@32cf48b7]" name="CaptureAlert" duration-ms="11801" started-at="2021-03-14T12:24:06 IST" finished-at="2021-03-14T12:24:17 IST">
          <params>
            <param index="0">
              <value>
                <![CDATA[chrome]]>
              </value>
            </param>
          </params>
          <reporter-output>
          </reporter-output>
        </test-method> <!-- CaptureAlert -->
        <test-method status="PASS" signature="endReport()[pri:0, instance:com.selenium.practoautomation.PractoAutomation.CorpWell@32cf48b7]" name="endReport" is-config="true" duration-ms="207" started-at="2021-03-14T12:24:43 IST" finished-at="2021-03-14T12:24:43 IST">
          <reporter-output>
          </reporter-output>
        </test-method> <!-- endReport -->
      </class> <!-- com.selenium.practoautomation.PractoAutomation.CorpWell -->
      <class name="com.selenium.practoautomation.PractoAutomation.FindHospital">
        <test-method status="PASS" signature="searchForHospital(java.lang.String)[pri:0, instance:com.selenium.practoautomation.PractoAutomation.FindHospital@5cdd8682]" name="searchForHospital" duration-ms="18949" started-at="2021-03-14T12:24:24 IST" finished-at="2021-03-14T12:24:43 IST">
          <params>
            <param index="0">
              <value>
                <![CDATA[chrome]]>
              </value>
            </param>
          </params>
          <reporter-output>
          </reporter-output>
        </test-method> <!-- searchForHospital -->
        <test-method status="PASS" signature="endReport()[pri:0, instance:com.selenium.practoautomation.PractoAutomation.FindHospital@5cdd8682]" name="endReport" is-config="true" duration-ms="35" started-at="2021-03-14T12:24:43 IST" finished-at="2021-03-14T12:24:43 IST">
          <reporter-output>
          </reporter-output>
        </test-method> <!-- endReport -->
      </class> <!-- com.selenium.practoautomation.PractoAutomation.FindHospital -->
      <class name="com.selenium.practoautomation.PractoAutomation.TopCities">
        <test-method status="PASS" signature="TopCities(java.lang.String)[pri:0, instance:com.selenium.practoautomation.PractoAutomation.TopCities@679b62af]" name="TopCities" duration-ms="6678" started-at="2021-03-14T12:24:17 IST" finished-at="2021-03-14T12:24:24 IST">
          <params>
            <param index="0">
              <value>
                <![CDATA[chrome]]>
              </value>
            </param>
          </params>
          <reporter-output>
          </reporter-output>
        </test-method> <!-- TopCities -->
        <test-method status="PASS" signature="endReport()[pri:0, instance:com.selenium.practoautomation.PractoAutomation.TopCities@679b62af]" name="endReport" is-config="true" duration-ms="31" started-at="2021-03-14T12:24:43 IST" finished-at="2021-03-14T12:24:43 IST">
          <reporter-output>
          </reporter-output>
        </test-method> <!-- endReport -->
      </class> <!-- com.selenium.practoautomation.PractoAutomation.TopCities -->
    </test> <!-- Test -->
  </suite> <!-- Suite -->
</testng-results>
